frutas_verduras_luisitos/android/app/build/intermediates/manifest_merge_blame_file/release/manifest-merger-blame-release-report.txt
1<?xml version="1.0" encoding="utf-8"?>
2<manifest xmlns:android="http://schemas.android.com/apk/res/android"
3    package="com.example.frutas_verduras_luisitos"
4    android:versionCode="1"
5    android:versionName="1.0.0" >
6
7    <uses-sdk
8        android:minSdkVersion="21"
9        android:targetSdkVersion="35" />
10
11    <!-- Permisos -->
12    <uses-permission android:name="android.permission.CAMERA" />
12-->src\main\AndroidManifest.xml:5:5-64
12-->src\main\AndroidManifest.xml:5:22-62
13    <uses-permission android:name="android.permission.ACCESS_FINE_LOCATION" />
13-->src\main\AndroidManifest.xml:6:5-79
13-->src\main\AndroidManifest.xml:6:22-76
14    <uses-permission android:name="android.permission.ACCESS_COARSE_LOCATION" />
14-->src\main\AndroidManifest.xml:7:5-81
14-->src\main\AndroidManifest.xml:7:22-78
15
16    <permission
16-->[androidx.core:core:1.13.1] AndroidManifest.xml:22:5-24:47
17        android:name="com.example.frutas_verduras_luisitos.DYNAMIC_RECEIVER_NOT_EXPORTED_PERMISSION"
17-->[androidx.core:core:1.13.1] AndroidManifest.xml:23:9-81
18        android:protectionLevel="signature" />
18-->[androidx.core:core:1.13.1] AndroidManifest.xml:24:9-44
19
20    <uses-permission android:name="com.example.frutas_verduras_luisitos.DYNAMIC_RECEIVER_NOT_EXPORTED_PERMISSION" />
20-->[androidx.core:core:1.13.1] AndroidManifest.xml:26:5-97
20-->[androidx.core:core:1.13.1] AndroidManifest.xml:26:22-94
21
22    <application
23        android:name="android.app.Application"
23-->src\main\AndroidManifest.xml:13:9-42
24        android:appComponentFactory="androidx.core.app.CoreComponentFactory"
24-->[androidx.core:core:1.13.1] AndroidManifest.xml:28:18-86
25        android:extractNativeLibs="true"
26        android:icon="@mipmap/ic_launcher"
26-->src\main\AndroidManifest.xml:14:9-43
27        android:label="frutas_verduras_luisitos" >
27-->src\main\AndroidManifest.xml:12:9-49
28        <activity
28-->src\main\AndroidManifest.xml:16:9-32:20
29            android:name="com.example.frutas_verduras_luisitos.MainActivity"
29-->src\main\AndroidManifest.xml:17:13-41
30            android:configChanges="orientation|screenSize|keyboardHidden"
30-->src\main\AndroidManifest.xml:22:13-74
31            android:exported="true"
31-->src\main\AndroidManifest.xml:18:13-36
32            android:launchMode="singleTop"
32-->src\main\AndroidManifest.xml:19:13-43
33            android:theme="@style/LaunchTheme"
33-->src\main\AndroidManifest.xml:20:13-47
34            android:windowSoftInputMode="adjustResize" >
34-->src\main\AndroidManifest.xml:21:13-55
35            <intent-filter>
35-->src\main\AndroidManifest.xml:24:13-27:29
36                <action android:name="android.intent.action.MAIN" />
36-->src\main\AndroidManifest.xml:25:17-69
36-->src\main\AndroidManifest.xml:25:25-66
37
38                <category android:name="android.intent.category.LAUNCHER" />
38-->src\main\AndroidManifest.xml:26:17-77
38-->src\main\AndroidManifest.xml:26:27-74
39            </intent-filter>
40
41            <meta-data
41-->src\main\AndroidManifest.xml:29:13-31:56
42                android:name="io.flutter.embedding.android.NormalTheme"
42-->src\main\AndroidManifest.xml:30:17-72
43                android:resource="@style/NormalTheme" />
43-->src\main\AndroidManifest.xml:31:17-54
44        </activity>
45
46        <meta-data
46-->src\main\AndroidManifest.xml:34:9-36:33
47            android:name="flutterEmbedding"
47-->src\main\AndroidManifest.xml:35:13-44
48            android:value="2" />
48-->src\main\AndroidManifest.xml:36:13-30
49
50        <provider
50-->[:image_picker_android] AndroidManifest.xml:9:9-17:20
51            android:name="io.flutter.plugins.imagepicker.ImagePickerFileProvider"
51-->[:image_picker_android] AndroidManifest.xml:10:13-82
52            android:authorities="com.example.frutas_verduras_luisitos.flutter.image_provider"
52-->[:image_picker_android] AndroidManifest.xml:11:13-74
53            android:exported="false"
53-->[:image_picker_android] AndroidManifest.xml:12:13-37
54            android:grantUriPermissions="true" >
54-->[:image_picker_android] AndroidManifest.xml:13:13-47
55            <meta-data
55-->[:image_picker_android] AndroidManifest.xml:14:13-16:75
56                android:name="android.support.FILE_PROVIDER_PATHS"
56-->[:image_picker_android] AndroidManifest.xml:15:17-67
57                android:resource="@xml/flutter_image_picker_file_paths" />
57-->[:image_picker_android] AndroidManifest.xml:16:17-72
58        </provider> <!-- Trigger Google Play services to install the backported photo picker module. -->
59        <service
59-->[:image_picker_android] AndroidManifest.xml:19:9-31:19
60            android:name="com.google.android.gms.metadata.ModuleDependencies"
60-->[:image_picker_android] AndroidManifest.xml:20:13-78
61            android:enabled="false"
61-->[:image_picker_android] AndroidManifest.xml:21:13-36
62            android:exported="false" >
62-->[:image_picker_android] AndroidManifest.xml:22:13-37
63            <intent-filter>
63-->[:image_picker_android] AndroidManifest.xml:24:13-26:29
64                <action android:name="com.google.android.gms.metadata.MODULE_DEPENDENCIES" />
64-->[:image_picker_android] AndroidManifest.xml:25:17-94
64-->[:image_picker_android] AndroidManifest.xml:25:25-91
65            </intent-filter>
66
67            <meta-data
67-->[:image_picker_android] AndroidManifest.xml:28:13-30:36
68                android:name="photopicker_activity:0:required"
68-->[:image_picker_android] AndroidManifest.xml:29:17-63
69                android:value="" />
69-->[:image_picker_android] AndroidManifest.xml:30:17-33
70        </service>
71
72        <uses-library
72-->[androidx.window:window:1.2.0] AndroidManifest.xml:23:9-25:40
73            android:name="androidx.window.extensions"
73-->[androidx.window:window:1.2.0] AndroidManifest.xml:24:13-54
74            android:required="false" />
74-->[androidx.window:window:1.2.0] AndroidManifest.xml:25:13-37
75        <uses-library
75-->[androidx.window:window:1.2.0] AndroidManifest.xml:26:9-28:40
76            android:name="androidx.window.sidecar"
76-->[androidx.window:window:1.2.0] AndroidManifest.xml:27:13-51
77            android:required="false" />
77-->[androidx.window:window:1.2.0] AndroidManifest.xml:28:13-37
78
79        <provider
79-->[androidx.lifecycle:lifecycle-process:2.7.0] AndroidManifest.xml:24:9-32:20
80            android:name="androidx.startup.InitializationProvider"
80-->[androidx.lifecycle:lifecycle-process:2.7.0] AndroidManifest.xml:25:13-67
81            android:authorities="com.example.frutas_verduras_luisitos.androidx-startup"
81-->[androidx.lifecycle:lifecycle-process:2.7.0] AndroidManifest.xml:26:13-68
82            android:exported="false" >
82-->[androidx.lifecycle:lifecycle-process:2.7.0] AndroidManifest.xml:27:13-37
83            <meta-data
83-->[androidx.lifecycle:lifecycle-process:2.7.0] AndroidManifest.xml:29:13-31:52
84                android:name="androidx.lifecycle.ProcessLifecycleInitializer"
84-->[androidx.lifecycle:lifecycle-process:2.7.0] AndroidManifest.xml:30:17-78
85                android:value="androidx.startup" />
85-->[androidx.lifecycle:lifecycle-process:2.7.0] AndroidManifest.xml:31:17-49
86            <meta-data
86-->[androidx.profileinstaller:profileinstaller:1.3.1] AndroidManifest.xml:29:13-31:52
87                android:name="androidx.profileinstaller.ProfileInstallerInitializer"
87-->[androidx.profileinstaller:profileinstaller:1.3.1] AndroidManifest.xml:30:17-85
88                android:value="androidx.startup" />
88-->[androidx.profileinstaller:profileinstaller:1.3.1] AndroidManifest.xml:31:17-49
89        </provider>
90
91        <receiver
91-->[androidx.profileinstaller:profileinstaller:1.3.1] AndroidManifest.xml:34:9-52:20
92            android:name="androidx.profileinstaller.ProfileInstallReceiver"
92-->[androidx.profileinstaller:profileinstaller:1.3.1] AndroidManifest.xml:35:13-76
93            android:directBootAware="false"
93-->[androidx.profileinstaller:profileinstaller:1.3.1] AndroidManifest.xml:36:13-44
94            android:enabled="true"
94-->[androidx.profileinstaller:profileinstaller:1.3.1] AndroidManifest.xml:37:13-35
95            android:exported="true"
95-->[androidx.profileinstaller:profileinstaller:1.3.1] AndroidManifest.xml:38:13-36
96            android:permission="android.permission.DUMP" >
96-->[androidx.profileinstaller:profileinstaller:1.3.1] AndroidManifest.xml:39:13-57
97            <intent-filter>
97-->[androidx.profileinstaller:profileinstaller:1.3.1] AndroidManifest.xml:40:13-42:29
98                <action android:name="androidx.profileinstaller.action.INSTALL_PROFILE" />
98-->[androidx.profileinstaller:profileinstaller:1.3.1] AndroidManifest.xml:41:17-91
98-->[androidx.profileinstaller:profileinstaller:1.3.1] AndroidManifest.xml:41:25-88
99            </intent-filter>
100            <intent-filter>
100-->[androidx.profileinstaller:profileinstaller:1.3.1] AndroidManifest.xml:43:13-45:29
101                <action android:name="androidx.profileinstaller.action.SKIP_FILE" />
101-->[androidx.profileinstaller:profileinstaller:1.3.1] AndroidManifest.xml:44:17-85
101-->[androidx.profileinstaller:profileinstaller:1.3.1] AndroidManifest.xml:44:25-82
102            </intent-filter>
103            <intent-filter>
103-->[androidx.profileinstaller:profileinstaller:1.3.1] AndroidManifest.xml:46:13-48:29
104                <action android:name="androidx.profileinstaller.action.SAVE_PROFILE" />
104-->[androidx.profileinstaller:profileinstaller:1.3.1] AndroidManifest.xml:47:17-88
104-->[androidx.profileinstaller:profileinstaller:1.3.1] AndroidManifest.xml:47:25-85
105            </intent-filter>
106            <intent-filter>
106-->[androidx.profileinstaller:profileinstaller:1.3.1] AndroidManifest.xml:49:13-51:29
107                <action android:name="androidx.profileinstaller.action.BENCHMARK_OPERATION" />
107-->[androidx.profileinstaller:profileinstaller:1.3.1] AndroidManifest.xml:50:17-95
107-->[androidx.profileinstaller:profileinstaller:1.3.1] AndroidManifest.xml:50:25-92
108            </intent-filter>
109        </receiver>
110    </application>
111
112</manifest>